This file contains any messages produced by compilers while
running configure, to aid debugging if configure makes a mistake.

It was created by DevIL configure 1.7.8, which was
generated by GNU Autoconf 2.68.  Invocation command line was

  $ ./configure --no-create --no-recursion

## --------- ##
## Platform. ##
## --------- ##

hostname = hive13.CS.Berkeley.EDU
uname -m = x86_64
uname -r = 3.2.0-29-generic
uname -s = Linux
uname -v = #46-Ubuntu SMP Fri Jul 27 17:03:23 UTC 2012

/usr/bin/uname -p = unknown
/bin/uname -X     = unknown

/bin/arch              = unknown
/usr/bin/arch -k       = unknown
/usr/convex/getsysinfo = unknown
/usr/bin/hostinfo      = unknown
/bin/machine           = unknown
/usr/bin/oslevel       = unknown
/bin/universe          = unknown

PATH: /share/b/grading/bin
PATH: /home/ff/cs184/bin
PATH: /home/ff/cs184/bin/arch/x86_64
PATH: /usr/local/bin
PATH: /usr/sww/bin
PATH: /usr/bin
PATH: /bin
PATH: /usr/ucb
PATH: /usr/sfw/bin
PATH: /share/b/grading/bin
PATH: /share/b/grading/sbin
PATH: /share/b/runas/x86_64
PATH: /share/b/bin
PATH: /home/aa/projects/scheme/bin


## ----------- ##
## Core tests. ##
## ----------- ##

configure:2691: checking build system type
configure:2705: result: x86_64-unknown-linux-gnu
configure:2725: checking host system type
configure:2738: result: x86_64-unknown-linux-gnu
configure:2779: checking how to print strings
configure:2808: result: print -r
configure:2875: checking for gcc
configure:2891: found /usr/bin/gcc
configure:2902: result: gcc
configure:3131: checking for C compiler version
configure:3140: gcc --version >&5
gcc (Ubuntu/Linaro 4.6.3-1ubuntu5) 4.6.3
Copyright (C) 2011 Free Software Foundation, Inc.
This is free software; see the source for copying conditions.  There is NO
warranty; not even for MERCHANTABILITY or FITNESS FOR A PARTICULAR PURPOSE.

configure:3151: $? = 0
configure:3140: gcc -v >&5
Using built-in specs.
COLLECT_GCC=gcc
COLLECT_LTO_WRAPPER=/usr/lib/gcc/x86_64-linux-gnu/4.6/lto-wrapper
Target: x86_64-linux-gnu
Configured with: ../src/configure -v --with-pkgversion='Ubuntu/Linaro 4.6.3-1ubuntu5' --with-bugurl=file:///usr/share/doc/gcc-4.6/README.Bugs --enable-languages=c,c++,fortran,objc,obj-c++ --prefix=/usr --program-suffix=-4.6 --enable-shared --enable-linker-build-id --with-system-zlib --libexecdir=/usr/lib --without-included-gettext --enable-threads=posix --with-gxx-include-dir=/usr/include/c++/4.6 --libdir=/usr/lib --enable-nls --with-sysroot=/ --enable-clocale=gnu --enable-libstdcxx-debug --enable-libstdcxx-time=yes --enable-gnu-unique-object --enable-plugin --enable-objc-gc --disable-werror --with-arch-32=i686 --with-tune=generic --enable-checking=release --build=x86_64-linux-gnu --host=x86_64-linux-gnu --target=x86_64-linux-gnu
Thread model: posix
gcc version 4.6.3 (Ubuntu/Linaro 4.6.3-1ubuntu5) 
configure:3151: $? = 0
configure:3140: gcc -V >&5
gcc: error: unrecognized option '-V'
gcc: fatal error: no input files
compilation terminated.
configure:3151: $? = 4
configure:3140: gcc -qversion >&5
gcc: error: unrecognized option '-qversion'
gcc: fatal error: no input files
compilation terminated.
configure:3151: $? = 4
configure:3171: checking whether the C compiler works
configure:3193: gcc    conftest.c  >&5
configure:3197: $? = 0
configure:3245: result: yes
configure:3248: checking for C compiler default output file name
configure:3250: result: a.out
configure:3256: checking for suffix of executables
configure:3263: gcc -o conftest    conftest.c  >&5
configure:3267: $? = 0
configure:3289: result: 
configure:3311: checking whether we are cross compiling
configure:3319: gcc -o conftest    conftest.c  >&5
configure:3323: $? = 0
configure:3330: ./conftest
configure:3334: $? = 0
configure:3349: result: no
configure:3354: checking for suffix of object files
configure:3376: gcc -c   conftest.c >&5
configure:3380: $? = 0
configure:3401: result: o
configure:3405: checking whether we are using the GNU C compiler
configure:3424: gcc -c   conftest.c >&5
configure:3424: $? = 0
configure:3433: result: yes
configure:3442: checking whether gcc accepts -g
configure:3462: gcc -c -g  conftest.c >&5
configure:3462: $? = 0
configure:3503: result: yes
configure:3520: checking for gcc option to accept ISO C89
configure:3584: gcc  -c -g -O2  conftest.c >&5
configure:3584: $? = 0
configure:3597: result: none needed
configure:3617: checking for a sed that does not truncate output
configure:3681: result: /bin/sed
configure:3699: checking for grep that handles long lines and -e
configure:3757: result: /bin/grep
configure:3762: checking for egrep
configure:3824: result: /bin/grep -E
configure:3829: checking for fgrep
configure:3891: result: /bin/grep -F
configure:3926: checking for ld used by gcc
configure:3993: result: /usr/bin/ld
configure:4000: checking if the linker (/usr/bin/ld) is GNU ld
configure:4015: result: yes
configure:4027: checking for BSD- or MS-compatible name lister (nm)
configure:4076: result: /usr/bin/nm -B
configure:4206: checking the name lister (/usr/bin/nm -B) interface
configure:4213: gcc -c -g -O2  conftest.c >&5
configure:4216: /usr/bin/nm -B "conftest.o"
configure:4219: output
0000000000000000 B some_variable
configure:4226: result: BSD nm
configure:4229: checking whether ln -s works
configure:4233: result: yes
configure:4241: checking the maximum length of command line arguments
configure:4371: result: 3458764513820540925
configure:4388: checking whether the shell understands some XSI constructs
configure:4398: result: yes
configure:4402: checking whether the shell understands "+="
configure:4408: result: yes
configure:4443: checking how to convert x86_64-unknown-linux-gnu file names to x86_64-unknown-linux-gnu format
configure:4483: result: func_convert_file_noop
configure:4490: checking how to convert x86_64-unknown-linux-gnu file names to toolchain format
configure:4510: result: func_convert_file_noop
configure:4517: checking for /usr/bin/ld option to reload object files
configure:4524: result: -r
configure:4598: checking for objdump
configure:4614: found /usr/bin/objdump
configure:4625: result: objdump
configure:4657: checking how to recognize dependent libraries
configure:4859: result: pass_all
configure:4944: checking for dlltool
configure:4974: result: no
configure:5004: checking how to associate runtime and link libraries
configure:5031: result: print -r --
configure:5092: checking for ar
configure:5108: found /usr/bin/ar
configure:5119: result: ar
configure:5156: checking for archiver @FILE support
configure:5173: gcc -c -g -O2  conftest.c >&5
configure:5173: $? = 0
configure:5176: ar cru libconftest.a @conftest.lst >&5
configure:5179: $? = 0
configure:5184: ar cru libconftest.a @conftest.lst >&5
ar: conftest.o: No such file or directory
configure:5187: $? = 1
configure:5199: result: @
configure:5257: checking for strip
configure:5273: found /usr/bin/strip
configure:5284: result: strip
configure:5356: checking for ranlib
configure:5372: found /usr/bin/ranlib
configure:5383: result: ranlib
configure:5460: checking for gawk
configure:5476: found /usr/bin/gawk
configure:5487: result: gawk
configure:5527: checking command to parse /usr/bin/nm -B output from gcc object
configure:5647: gcc -c -g -O2  conftest.c >&5
configure:5650: $? = 0
configure:5654: /usr/bin/nm -B conftest.o \| sed -n -e 's/^.*[ ]\([ABCDGIRSTW][ABCDGIRSTW]*\)[ ][ ]*\([_A-Za-z][_A-Za-z0-9]*\)$/\1 \2 \2/p' | sed '/ __gnu_lto/d' \> conftest.nm
configure:5657: $? = 0
configure:5723: gcc -o conftest -g -O2   conftest.c conftstm.o >&5
configure:5726: $? = 0
configure:5764: result: ok
configure:5801: checking for sysroot
configure:5831: result: no
configure:5908: gcc -c -g -O2  conftest.c >&5
configure:5911: $? = 0
configure:6087: checking for mt
configure:6103: found /bin/mt
configure:6114: result: mt
configure:6137: checking if mt is a manifest tool
configure:6143: mt '-?'
configure:6151: result: no
configure:6793: checking how to run the C preprocessor
configure:6824: gcc -E  conftest.c
configure:6824: $? = 0
configure:6838: gcc -E  conftest.c
conftest.c:9:28: fatal error: ac_nonexistent.h: No such file or directory
compilation terminated.
configure:6838: $? = 1
configure: failed program was:
| /* confdefs.h */
| #define PACKAGE_NAME "DevIL"
| #define PACKAGE_TARNAME "devil"
| #define PACKAGE_VERSION "1.7.8"
| #define PACKAGE_STRING "DevIL 1.7.8"
| #define PACKAGE_BUGREPORT "bubla@users.sourceforge.net"
| #define PACKAGE_URL ""
| /* end confdefs.h.  */
| #include <ac_nonexistent.h>
configure:6863: result: gcc -E
configure:6883: gcc -E  conftest.c
configure:6883: $? = 0
configure:6897: gcc -E  conftest.c
conftest.c:9:28: fatal error: ac_nonexistent.h: No such file or directory
compilation terminated.
configure:6897: $? = 1
configure: failed program was:
| /* confdefs.h */
| #define PACKAGE_NAME "DevIL"
| #define PACKAGE_TARNAME "devil"
| #define PACKAGE_VERSION "1.7.8"
| #define PACKAGE_STRING "DevIL 1.7.8"
| #define PACKAGE_BUGREPORT "bubla@users.sourceforge.net"
| #define PACKAGE_URL ""
| /* end confdefs.h.  */
| #include <ac_nonexistent.h>
configure:6926: checking for ANSI C header files
configure:6946: gcc -c -g -O2  conftest.c >&5
configure:6946: $? = 0
configure:7019: gcc -o conftest -g -O2   conftest.c  >&5
configure:7019: $? = 0
configure:7019: ./conftest
configure:7019: $? = 0
configure:7030: result: yes
configure:7043: checking for sys/types.h
configure:7043: gcc -c -g -O2  conftest.c >&5
configure:7043: $? = 0
configure:7043: result: yes
configure:7043: checking for sys/stat.h
configure:7043: gcc -c -g -O2  conftest.c >&5
configure:7043: $? = 0
configure:7043: result: yes
configure:7043: checking for stdlib.h
configure:7043: gcc -c -g -O2  conftest.c >&5
configure:7043: $? = 0
configure:7043: result: yes
configure:7043: checking for string.h
configure:7043: gcc -c -g -O2  conftest.c >&5
configure:7043: $? = 0
configure:7043: result: yes
configure:7043: checking for memory.h
configure:7043: gcc -c -g -O2  conftest.c >&5
configure:7043: $? = 0
configure:7043: result: yes
configure:7043: checking for strings.h
configure:7043: gcc -c -g -O2  conftest.c >&5
configure:7043: $? = 0
configure:7043: result: yes
configure:7043: checking for inttypes.h
configure:7043: gcc -c -g -O2  conftest.c >&5
configure:7043: $? = 0
configure:7043: result: yes
configure:7043: checking for stdint.h
configure:7043: gcc -c -g -O2  conftest.c >&5
configure:7043: $? = 0
configure:7043: result: yes
configure:7043: checking for unistd.h
configure:7043: gcc -c -g -O2  conftest.c >&5
configure:7043: $? = 0
configure:7043: result: yes
configure:7057: checking for dlfcn.h
configure:7057: gcc -c -g -O2  conftest.c >&5
configure:7057: $? = 0
configure:7057: result: yes
configure:7263: checking for objdir
configure:7278: result: .libs
configure:7549: checking if gcc supports -fno-rtti -fno-exceptions
configure:7567: gcc -c -g -O2  -fno-rtti -fno-exceptions conftest.c >&5
cc1: warning: command line option '-fno-rtti' is valid for C++/ObjC++ but not for C [enabled by default]
configure:7571: $? = 0
configure:7584: result: no
configure:7911: checking for gcc option to produce PIC
configure:7918: result: -fPIC -DPIC
configure:7926: checking if gcc PIC flag -fPIC -DPIC works
configure:7944: gcc -c -g -O2  -fPIC -DPIC -DPIC conftest.c >&5
configure:7948: $? = 0
configure:7961: result: yes
configure:7990: checking if gcc static flag -static works
configure:8018: result: yes
configure:8033: checking if gcc supports -c -o file.o
configure:8054: gcc -c -g -O2  -o out/conftest2.o conftest.c >&5
configure:8058: $? = 0
configure:8080: result: yes
configure:8088: checking if gcc supports -c -o file.o
configure:8135: result: yes
configure:8168: checking whether the gcc linker (/usr/bin/ld -m elf_x86_64) supports shared libraries
configure:9325: result: yes
configure:9362: checking whether -lc should be explicitly linked in
configure:9370: gcc -c -g -O2  conftest.c >&5
configure:9373: $? = 0
configure:9388: gcc -shared  -fPIC -DPIC conftest.o  -v -Wl,-soname -Wl,conftest -o conftest 2\>\&1 \| /bin/grep  -lc  \>/dev/null 2\>\&1
configure:9391: $? = 0
configure:9405: result: no
configure:9565: checking dynamic linker characteristics
configure:10076: gcc -o conftest -g -O2   -Wl,-rpath -Wl,/foo conftest.c  >&5
configure:10076: $? = 0
configure:10310: result: GNU/Linux ld.so
configure:10417: checking how to hardcode library paths into programs
configure:10442: result: immediate
configure:10982: checking whether stripping libraries is possible
configure:10987: result: yes
configure:11022: checking if libtool supports shared libraries
configure:11024: result: yes
configure:11027: checking whether to build shared libraries
configure:11048: result: yes
configure:11051: checking whether to build static libraries
configure:11055: result: yes
configure:11405: checking for a BSD-compatible install
configure:11473: result: /usr/bin/install -c
configure:11484: checking whether build environment is sane
configure:11534: result: yes
configure:11675: checking for a thread-safe mkdir -p
configure:11714: result: /bin/mkdir -p
configure:11723: checking whether make sets $(MAKE)
configure:11745: result: yes
configure:11775: checking for style of include used by make
configure:11803: result: GNU
configure:11889: checking dependency style of gcc
configure:12000: result: gcc3
configure:12074: checking whether gcc and cc understand -c and -o together
configure:12105: gcc -c conftest.c -o conftest2.o >&5
configure:12109: $? = 0
configure:12115: gcc -c conftest.c -o conftest2.o >&5
configure:12119: $? = 0
configure:12130: cc -c conftest.c >&5
configure:12134: $? = 0
configure:12142: cc -c conftest.c -o conftest2.o >&5
configure:12146: $? = 0
configure:12152: cc -c conftest.c -o conftest2.o >&5
configure:12156: $? = 0
configure:12174: result: yes
configure:12257: checking for g++
configure:12273: found /usr/bin/g++
configure:12284: result: g++
configure:12311: checking for C++ compiler version
configure:12320: g++ --version >&5
g++ (Ubuntu/Linaro 4.6.3-1ubuntu5) 4.6.3
Copyright (C) 2011 Free Software Foundation, Inc.
This is free software; see the source for copying conditions.  There is NO
warranty; not even for MERCHANTABILITY or FITNESS FOR A PARTICULAR PURPOSE.

configure:12331: $? = 0
configure:12320: g++ -v >&5
Using built-in specs.
COLLECT_GCC=g++
COLLECT_LTO_WRAPPER=/usr/lib/gcc/x86_64-linux-gnu/4.6/lto-wrapper
Target: x86_64-linux-gnu
Configured with: ../src/configure -v --with-pkgversion='Ubuntu/Linaro 4.6.3-1ubuntu5' --with-bugurl=file:///usr/share/doc/gcc-4.6/README.Bugs --enable-languages=c,c++,fortran,objc,obj-c++ --prefix=/usr --program-suffix=-4.6 --enable-shared --enable-linker-build-id --with-system-zlib --libexecdir=/usr/lib --without-included-gettext --enable-threads=posix --with-gxx-include-dir=/usr/include/c++/4.6 --libdir=/usr/lib --enable-nls --with-sysroot=/ --enable-clocale=gnu --enable-libstdcxx-debug --enable-libstdcxx-time=yes --enable-gnu-unique-object --enable-plugin --enable-objc-gc --disable-werror --with-arch-32=i686 --with-tune=generic --enable-checking=release --build=x86_64-linux-gnu --host=x86_64-linux-gnu --target=x86_64-linux-gnu
Thread model: posix
gcc version 4.6.3 (Ubuntu/Linaro 4.6.3-1ubuntu5) 
configure:12331: $? = 0
configure:12320: g++ -V >&5
g++: error: unrecognized option '-V'
g++: fatal error: no input files
compilation terminated.
configure:12331: $? = 4
configure:12320: g++ -qversion >&5
g++: error: unrecognized option '-qversion'
g++: fatal error: no input files
compilation terminated.
configure:12331: $? = 4
configure:12335: checking whether we are using the GNU C++ compiler
configure:12354: g++ -c -O3  conftest.cpp >&5
configure:12354: $? = 0
configure:12363: result: yes
configure:12372: checking whether g++ accepts -g
configure:12392: g++ -c -g  conftest.cpp >&5
configure:12392: $? = 0
configure:12433: result: yes
configure:12474: checking how to run the C++ preprocessor
configure:12501: g++ -E  conftest.cpp
configure:12501: $? = 0
configure:12515: g++ -E  conftest.cpp
conftest.cpp:23:28: fatal error: ac_nonexistent.h: No such file or directory
compilation terminated.
configure:12515: $? = 1
configure: failed program was:
| /* confdefs.h */
| #define PACKAGE_NAME "DevIL"
| #define PACKAGE_TARNAME "devil"
| #define PACKAGE_VERSION "1.7.8"
| #define PACKAGE_STRING "DevIL 1.7.8"
| #define PACKAGE_BUGREPORT "bubla@users.sourceforge.net"
| #define PACKAGE_URL ""
| #define STDC_HEADERS 1
| #define HAVE_SYS_TYPES_H 1
| #define HAVE_SYS_STAT_H 1
| #define HAVE_STDLIB_H 1
| #define HAVE_STRING_H 1
| #define HAVE_MEMORY_H 1
| #define HAVE_STRINGS_H 1
| #define HAVE_INTTYPES_H 1
| #define HAVE_STDINT_H 1
| #define HAVE_UNISTD_H 1
| #define HAVE_DLFCN_H 1
| #define LT_OBJDIR ".libs/"
| #define PACKAGE "devil"
| #define VERSION "1.7.8"
| /* end confdefs.h.  */
| #include <ac_nonexistent.h>
configure:12540: result: g++ -E
configure:12560: g++ -E  conftest.cpp
configure:12560: $? = 0
configure:12574: g++ -E  conftest.cpp
conftest.cpp:23:28: fatal error: ac_nonexistent.h: No such file or directory
compilation terminated.
configure:12574: $? = 1
configure: failed program was:
| /* confdefs.h */
| #define PACKAGE_NAME "DevIL"
| #define PACKAGE_TARNAME "devil"
| #define PACKAGE_VERSION "1.7.8"
| #define PACKAGE_STRING "DevIL 1.7.8"
| #define PACKAGE_BUGREPORT "bubla@users.sourceforge.net"
| #define PACKAGE_URL ""
| #define STDC_HEADERS 1
| #define HAVE_SYS_TYPES_H 1
| #define HAVE_SYS_STAT_H 1
| #define HAVE_STDLIB_H 1
| #define HAVE_STRING_H 1
| #define HAVE_MEMORY_H 1
| #define HAVE_STRINGS_H 1
| #define HAVE_INTTYPES_H 1
| #define HAVE_STDINT_H 1
| #define HAVE_UNISTD_H 1
| #define HAVE_DLFCN_H 1
| #define LT_OBJDIR ".libs/"
| #define PACKAGE "devil"
| #define VERSION "1.7.8"
| /* end confdefs.h.  */
| #include <ac_nonexistent.h>
configure:12743: checking for ld used by g++
configure:12810: result: /usr/bin/ld -m elf_x86_64
configure:12817: checking if the linker (/usr/bin/ld -m elf_x86_64) is GNU ld
configure:12832: result: yes
configure:12887: checking whether the g++ linker (/usr/bin/ld -m elf_x86_64) supports shared libraries
configure:13892: result: yes
configure:13928: g++ -c -O3  conftest.cpp >&5
configure:13931: $? = 0
configure:14451: checking for g++ option to produce PIC
configure:14458: result: -fPIC -DPIC
configure:14466: checking if g++ PIC flag -fPIC -DPIC works
configure:14484: g++ -c -O3  -fPIC -DPIC -DPIC conftest.cpp >&5
configure:14488: $? = 0
configure:14501: result: yes
configure:14524: checking if g++ static flag -static works
configure:14552: result: yes
configure:14564: checking if g++ supports -c -o file.o
configure:14585: g++ -c -O3  -o out/conftest2.o conftest.cpp >&5
configure:14589: $? = 0
configure:14611: result: yes
configure:14616: checking if g++ supports -c -o file.o
configure:14663: result: yes
configure:14693: checking whether the g++ linker (/usr/bin/ld -m elf_x86_64) supports shared libraries
configure:14732: result: yes
configure:14873: checking dynamic linker characteristics
configure:15552: result: GNU/Linux ld.so
configure:15605: checking how to hardcode library paths into programs
configure:15630: result: immediate
configure:15672: checking dependency style of g++
configure:15783: result: gcc3
configure:15798: checking whether make sets $(MAKE)
configure:15820: result: yes
configure:15829: checking whether byte ordering is bigendian
configure:15844: gcc -c -g -O2  conftest.c >&5
conftest.c:24:9: error: unknown type name 'not'
conftest.c:24:15: error: expected '=', ',', ';', 'asm' or '__attribute__' before 'universal'
conftest.c:24:15: error: unknown type name 'universal'
configure:15844: $? = 1
configure: failed program was:
| /* confdefs.h */
| #define PACKAGE_NAME "DevIL"
| #define PACKAGE_TARNAME "devil"
| #define PACKAGE_VERSION "1.7.8"
| #define PACKAGE_STRING "DevIL 1.7.8"
| #define PACKAGE_BUGREPORT "bubla@users.sourceforge.net"
| #define PACKAGE_URL ""
| #define STDC_HEADERS 1
| #define HAVE_SYS_TYPES_H 1
| #define HAVE_SYS_STAT_H 1
| #define HAVE_STDLIB_H 1
| #define HAVE_STRING_H 1
| #define HAVE_MEMORY_H 1
| #define HAVE_STRINGS_H 1
| #define HAVE_INTTYPES_H 1
| #define HAVE_STDINT_H 1
| #define HAVE_UNISTD_H 1
| #define HAVE_DLFCN_H 1
| #define LT_OBJDIR ".libs/"
| #define PACKAGE "devil"
| #define VERSION "1.7.8"
| /* end confdefs.h.  */
| #ifndef __APPLE_CC__
| 	       not a universal capable compiler
| 	     #endif
| 	     typedef int dummy;
| 
configure:15889: gcc -c -g -O2  conftest.c >&5
configure:15889: $? = 0
configure:15907: gcc -c -g -O2  conftest.c >&5
conftest.c: In function 'main':
conftest.c:30:4: error: unknown type name 'not'
conftest.c:30:12: error: expected '=', ',', ';', 'asm' or '__attribute__' before 'endian'
configure:15907: $? = 1
configure: failed program was:
| /* confdefs.h */
| #define PACKAGE_NAME "DevIL"
| #define PACKAGE_TARNAME "devil"
| #define PACKAGE_VERSION "1.7.8"
| #define PACKAGE_STRING "DevIL 1.7.8"
| #define PACKAGE_BUGREPORT "bubla@users.sourceforge.net"
| #define PACKAGE_URL ""
| #define STDC_HEADERS 1
| #define HAVE_SYS_TYPES_H 1
| #define HAVE_SYS_STAT_H 1
| #define HAVE_STDLIB_H 1
| #define HAVE_STRING_H 1
| #define HAVE_MEMORY_H 1
| #define HAVE_STRINGS_H 1
| #define HAVE_INTTYPES_H 1
| #define HAVE_STDINT_H 1
| #define HAVE_UNISTD_H 1
| #define HAVE_DLFCN_H 1
| #define LT_OBJDIR ".libs/"
| #define PACKAGE "devil"
| #define VERSION "1.7.8"
| /* end confdefs.h.  */
| #include <sys/types.h>
| 		#include <sys/param.h>
| 
| int
| main ()
| {
| #if BYTE_ORDER != BIG_ENDIAN
| 		 not big endian
| 		#endif
| 
|   ;
|   return 0;
| }
configure:16035: result: no
configure:16120: checking restrict keyword
configure:16126: gcc -c -g -O2  conftest.c >&5
conftest.c:23:26: error: expected ';', ',' or ')' before 'test'
configure:16126: $? = 1
configure: failed program was:
| /* confdefs.h */
| #define PACKAGE_NAME "DevIL"
| #define PACKAGE_TARNAME "devil"
| #define PACKAGE_VERSION "1.7.8"
| #define PACKAGE_STRING "DevIL 1.7.8"
| #define PACKAGE_BUGREPORT "bubla@users.sourceforge.net"
| #define PACKAGE_URL ""
| #define STDC_HEADERS 1
| #define HAVE_SYS_TYPES_H 1
| #define HAVE_SYS_STAT_H 1
| #define HAVE_STDLIB_H 1
| #define HAVE_STRING_H 1
| #define HAVE_MEMORY_H 1
| #define HAVE_STRINGS_H 1
| #define HAVE_INTTYPES_H 1
| #define HAVE_STDINT_H 1
| #define HAVE_UNISTD_H 1
| #define HAVE_DLFCN_H 1
| #define LT_OBJDIR ".libs/"
| #define PACKAGE "devil"
| #define VERSION "1.7.8"
| /* end confdefs.h.  */
| void foo(void * restrict test){}
configure:16134: result: no
configure:16174: checking Altivec
configure:16196: gcc -c -g -O2 -faltivec -maltivec  conftest.c >&5
cc1: error: unrecognized command line option '-maltivec'
cc1: error: unrecognized command line option '-faltivec'
configure:16196: $? = 1
configure: failed program was:
| /* confdefs.h */
| #define PACKAGE_NAME "DevIL"
| #define PACKAGE_TARNAME "devil"
| #define PACKAGE_VERSION "1.7.8"
| #define PACKAGE_STRING "DevIL 1.7.8"
| #define PACKAGE_BUGREPORT "bubla@users.sourceforge.net"
| #define PACKAGE_URL ""
| #define STDC_HEADERS 1
| #define HAVE_SYS_TYPES_H 1
| #define HAVE_SYS_STAT_H 1
| #define HAVE_STDLIB_H 1
| #define HAVE_STRING_H 1
| #define HAVE_MEMORY_H 1
| #define HAVE_STRINGS_H 1
| #define HAVE_INTTYPES_H 1
| #define HAVE_STDINT_H 1
| #define HAVE_UNISTD_H 1
| #define HAVE_DLFCN_H 1
| #define LT_OBJDIR ".libs/"
| #define PACKAGE "devil"
| #define VERSION "1.7.8"
| /* end confdefs.h.  */
| 
|                                    int main()
|                                    {vector int vec;vec=vec_splat_u32(0);;return 0;}
configure:16208: result: no
configure:16226: checking SSE
configure:16248: gcc -c -g -O2 -msse  conftest.c >&5
configure:16248: $? = 0
configure:16256: result: yes
configure:16278: checking SSE2
configure:16300: gcc -c -g -O2 -msse2  conftest.c >&5
configure:16300: $? = 0
configure:16308: result: yes
configure:16330: checking SSE3
configure:16352: gcc -c -g -O2 -msse3  conftest.c >&5
configure:16352: $? = 0
configure:16360: result: yes
configure:16382: checking x86
configure:16404: result: no
configure:16415: checking x86_64
configure:16434: result: yes
configure:16448: checking ppc
configure:16470: result: no
configure:16493: checking for valloc
configure:16493: gcc -o conftest -g -O2   conftest.c  >&5
configure:16493: $? = 0
configure:16493: result: yes
configure:16500: checking for posix_memalign
configure:16500: gcc -o conftest -g -O2   conftest.c  >&5
configure:16500: $? = 0
configure:16500: result: yes
configure:16508: checking for memalign
configure:16508: gcc -o conftest -g -O2   conftest.c  >&5
configure:16508: $? = 0
configure:16508: result: yes
configure:16516: checking mm_malloc.h usability
configure:16516: gcc -c -g -O2  conftest.c >&5
configure:16516: $? = 0
configure:16516: result: yes
configure:16516: checking mm_malloc.h presence
configure:16516: gcc -E  conftest.c
configure:16516: $? = 0
configure:16516: result: yes
configure:16516: checking for mm_malloc.h
configure:16516: result: yes
configure:16535: checking zlib.h usability
configure:16535: gcc -c -g -O2  conftest.c >&5
configure:16535: $? = 0
configure:16535: result: yes
configure:16535: checking zlib.h presence
configure:16535: gcc -E  conftest.c
configure:16535: $? = 0
configure:16535: result: yes
configure:16535: checking for zlib.h
configure:16535: result: yes
configure:16544: checking for main in -lz
configure:16563: gcc -o conftest -g -O2   conftest.c -lz   >&5
configure:16563: $? = 0
configure:16572: result: yes
configure:16586: checking for main in -lm
configure:16605: gcc -o conftest -g -O2   conftest.c -lm  -lz  >&5
configure:16605: $? = 0
configure:16614: result: yes
configure:16649: checking whether we would like to have support for blp format
configure:16658: result: yes
configure:16673: checking whether we would like to have support for bmp format
configure:16682: result: yes
configure:16697: checking whether we would like to have support for dcx format
configure:16706: result: yes
configure:16721: checking whether we would like to have support for dds format
configure:16730: result: yes
configure:16745: checking whether we would like to have support for dicom format
configure:16754: result: yes
configure:16769: checking whether we would like to have support for doom format
configure:16778: result: yes
configure:16832: checking for pkg-config
configure:16850: found /usr/bin/pkg-config
configure:16862: result: /usr/bin/pkg-config
configure:16887: checking pkg-config is at least version 0.9.0
configure:16890: result: yes
configure:16909: checking for OPENEXR
configure:16916: $PKG_CONFIG --exists --print-errors "OpenEXR"
Package OpenEXR was not found in the pkg-config search path.
Perhaps you should add the directory containing `OpenEXR.pc'
to the PKG_CONFIG_PATH environment variable
No package 'OpenEXR' found
configure:16919: $? = 1
configure:16932: $PKG_CONFIG --exists --print-errors "OpenEXR"
Package OpenEXR was not found in the pkg-config search path.
Perhaps you should add the directory containing `OpenEXR.pc'
to the PKG_CONFIG_PATH environment variable
No package 'OpenEXR' found
configure:16935: $? = 1
No package 'OpenEXR' found
configure:16962: result: no
configure:16983: checking whether we would like to have support for exr format
configure:16986: result: no
configure:17007: checking whether we would like to have support for fits format
configure:17016: result: yes
configure:17031: checking whether we would like to have support for gif format
configure:17040: result: yes
configure:17055: checking whether we would like to have support for hdr format
configure:17064: result: yes
configure:17079: checking whether we would like to have support for icns format
configure:17088: result: yes
configure:17103: checking whether we would like to have support for icon format
configure:17112: result: yes
configure:17127: checking whether we would like to have support for iff format
configure:17136: result: yes
configure:17151: checking whether we would like to have support for ilbm format
configure:17160: result: yes
configure:17175: checking whether we would like to have support for iwi format
configure:17184: result: yes
configure:17197: checking jpeglib.h usability
configure:17197: gcc -c -g -O2  conftest.c >&5
configure:17197: $? = 0
configure:17197: result: yes
configure:17197: checking jpeglib.h presence
configure:17197: gcc -E  conftest.c
configure:17197: $? = 0
configure:17197: result: yes
configure:17197: checking for jpeglib.h
configure:17197: result: yes
configure:17199: checking for main in -ljpeg
configure:17218: gcc -o conftest -g -O2   conftest.c -ljpeg  -lm -lz  >&5
configure:17218: $? = 0
configure:17227: result: yes
configure:17253: checking whether we would like to have support for jpeg format
configure:17262: result: yes
configure:17275: checking jasper/jasper.h usability
configure:17275: gcc -c -g -O2  conftest.c >&5
configure:17275: $? = 0
configure:17275: result: yes
configure:17275: checking jasper/jasper.h presence
configure:17275: gcc -E  conftest.c
configure:17275: $? = 0
configure:17275: result: yes
configure:17275: checking for jasper/jasper.h
configure:17275: result: yes
configure:17277: checking for main in -ljasper
configure:17296: gcc -o conftest -g -O2   conftest.c -ljasper  -lm -lz  >&5
configure:17296: $? = 0
configure:17305: result: yes
configure:17376: checking whether we would like to have support for jp2 format
configure:17385: result: yes
configure:17398: checking for main in -llcms
configure:17417: gcc -o conftest -g -O2   conftest.c -llcms  -lm -lz  >&5
configure:17417: $? = 0
configure:17426: result: yes
configure:17433: checking lcms/lcms.h usability
configure:17433: gcc -c -g -O2  conftest.c >&5
conftest.c:72:23: fatal error: lcms/lcms.h: No such file or directory
compilation terminated.
configure:17433: $? = 1
configure: failed program was:
| /* confdefs.h */
| #define PACKAGE_NAME "DevIL"
| #define PACKAGE_TARNAME "devil"
| #define PACKAGE_VERSION "1.7.8"
| #define PACKAGE_STRING "DevIL 1.7.8"
| #define PACKAGE_BUGREPORT "bubla@users.sourceforge.net"
| #define PACKAGE_URL ""
| #define STDC_HEADERS 1
| #define HAVE_SYS_TYPES_H 1
| #define HAVE_SYS_STAT_H 1
| #define HAVE_STDLIB_H 1
| #define HAVE_STRING_H 1
| #define HAVE_MEMORY_H 1
| #define HAVE_STRINGS_H 1
| #define HAVE_INTTYPES_H 1
| #define HAVE_STDINT_H 1
| #define HAVE_UNISTD_H 1
| #define HAVE_DLFCN_H 1
| #define LT_OBJDIR ".libs/"
| #define PACKAGE "devil"
| #define VERSION "1.7.8"
| #define SSE /**/
| #define VECTORMEM /**/
| #define SSE2 /**/
| #define VECTORMEM /**/
| #define SSE3 /**/
| #define VECTORMEM /**/
| #define GCC_X86_64_ASM /**/
| #define IL_INLINE_ASM 1
| #define VALLOC 1
| #define POSIX_MEMALIGN 1
| #define MEMALIGN 1
| #define MM_MALLOC 1
| #define HAVE_LIBZ 1
| #define HAVE_LIBM 1
| #define IL_NO_EXR /**/
| #define IL_USE_JPEGLIB_UNMODIFIED 1
| /* end confdefs.h.  */
| #include <stdio.h>
| #ifdef HAVE_SYS_TYPES_H
| # include <sys/types.h>
| #endif
| #ifdef HAVE_SYS_STAT_H
| # include <sys/stat.h>
| #endif
| #ifdef STDC_HEADERS
| # include <stdlib.h>
| # include <stddef.h>
| #else
| # ifdef HAVE_STDLIB_H
| #  include <stdlib.h>
| # endif
| #endif
| #ifdef HAVE_STRING_H
| # if !defined STDC_HEADERS && defined HAVE_MEMORY_H
| #  include <memory.h>
| # endif
| # include <string.h>
| #endif
| #ifdef HAVE_STRINGS_H
| # include <strings.h>
| #endif
| #ifdef HAVE_INTTYPES_H
| # include <inttypes.h>
| #endif
| #ifdef HAVE_STDINT_H
| # include <stdint.h>
| #endif
| #ifdef HAVE_UNISTD_H
| # include <unistd.h>
| #endif
| #include <lcms/lcms.h>
configure:17433: result: no
configure:17433: checking lcms/lcms.h presence
configure:17433: gcc -E  conftest.c
conftest.c:39:23: fatal error: lcms/lcms.h: No such file or directory
compilation terminated.
configure:17433: $? = 1
configure: failed program was:
| /* confdefs.h */
| #define PACKAGE_NAME "DevIL"
| #define PACKAGE_TARNAME "devil"
| #define PACKAGE_VERSION "1.7.8"
| #define PACKAGE_STRING "DevIL 1.7.8"
| #define PACKAGE_BUGREPORT "bubla@users.sourceforge.net"
| #define PACKAGE_URL ""
| #define STDC_HEADERS 1
| #define HAVE_SYS_TYPES_H 1
| #define HAVE_SYS_STAT_H 1
| #define HAVE_STDLIB_H 1
| #define HAVE_STRING_H 1
| #define HAVE_MEMORY_H 1
| #define HAVE_STRINGS_H 1
| #define HAVE_INTTYPES_H 1
| #define HAVE_STDINT_H 1
| #define HAVE_UNISTD_H 1
| #define HAVE_DLFCN_H 1
| #define LT_OBJDIR ".libs/"
| #define PACKAGE "devil"
| #define VERSION "1.7.8"
| #define SSE /**/
| #define VECTORMEM /**/
| #define SSE2 /**/
| #define VECTORMEM /**/
| #define SSE3 /**/
| #define VECTORMEM /**/
| #define GCC_X86_64_ASM /**/
| #define IL_INLINE_ASM 1
| #define VALLOC 1
| #define POSIX_MEMALIGN 1
| #define MEMALIGN 1
| #define MM_MALLOC 1
| #define HAVE_LIBZ 1
| #define HAVE_LIBM 1
| #define IL_NO_EXR /**/
| #define IL_USE_JPEGLIB_UNMODIFIED 1
| /* end confdefs.h.  */
| #include <lcms/lcms.h>
configure:17433: result: no
configure:17433: checking for lcms/lcms.h
configure:17433: result: no
configure:17439: checking lcms.h usability
configure:17439: gcc -c -g -O2  conftest.c >&5
configure:17439: $? = 0
configure:17439: result: yes
configure:17439: checking lcms.h presence
configure:17439: gcc -E  conftest.c
configure:17439: $? = 0
configure:17439: result: yes
configure:17439: checking for lcms.h
configure:17439: result: yes
configure:17459: checking whether we would like to have support for lcms format
configure:17468: result: yes
configure:17483: checking whether we would like to have support for lif format
configure:17492: result: yes
configure:17507: checking whether we would like to have support for mdl format
configure:17516: result: yes
configure:17529: checking libmng.h usability
configure:17529: gcc -c -g -O2  conftest.c >&5
conftest.c:73:20: fatal error: libmng.h: No such file or directory
compilation terminated.
configure:17529: $? = 1
configure: failed program was:
| /* confdefs.h */
| #define PACKAGE_NAME "DevIL"
| #define PACKAGE_TARNAME "devil"
| #define PACKAGE_VERSION "1.7.8"
| #define PACKAGE_STRING "DevIL 1.7.8"
| #define PACKAGE_BUGREPORT "bubla@users.sourceforge.net"
| #define PACKAGE_URL ""
| #define STDC_HEADERS 1
| #define HAVE_SYS_TYPES_H 1
| #define HAVE_SYS_STAT_H 1
| #define HAVE_STDLIB_H 1
| #define HAVE_STRING_H 1
| #define HAVE_MEMORY_H 1
| #define HAVE_STRINGS_H 1
| #define HAVE_INTTYPES_H 1
| #define HAVE_STDINT_H 1
| #define HAVE_UNISTD_H 1
| #define HAVE_DLFCN_H 1
| #define LT_OBJDIR ".libs/"
| #define PACKAGE "devil"
| #define VERSION "1.7.8"
| #define SSE /**/
| #define VECTORMEM /**/
| #define SSE2 /**/
| #define VECTORMEM /**/
| #define SSE3 /**/
| #define VECTORMEM /**/
| #define GCC_X86_64_ASM /**/
| #define IL_INLINE_ASM 1
| #define VALLOC 1
| #define POSIX_MEMALIGN 1
| #define MEMALIGN 1
| #define MM_MALLOC 1
| #define HAVE_LIBZ 1
| #define HAVE_LIBM 1
| #define IL_NO_EXR /**/
| #define IL_USE_JPEGLIB_UNMODIFIED 1
| #define LCMS_NODIRINCLUDE 1
| /* end confdefs.h.  */
| #include <stdio.h>
| #ifdef HAVE_SYS_TYPES_H
| # include <sys/types.h>
| #endif
| #ifdef HAVE_SYS_STAT_H
| # include <sys/stat.h>
| #endif
| #ifdef STDC_HEADERS
| # include <stdlib.h>
| # include <stddef.h>
| #else
| # ifdef HAVE_STDLIB_H
| #  include <stdlib.h>
| # endif
| #endif
| #ifdef HAVE_STRING_H
| # if !defined STDC_HEADERS && defined HAVE_MEMORY_H
| #  include <memory.h>
| # endif
| # include <string.h>
| #endif
| #ifdef HAVE_STRINGS_H
| # include <strings.h>
| #endif
| #ifdef HAVE_INTTYPES_H
| # include <inttypes.h>
| #endif
| #ifdef HAVE_STDINT_H
| # include <stdint.h>
| #endif
| #ifdef HAVE_UNISTD_H
| # include <unistd.h>
| #endif
| #include <libmng.h>
configure:17529: result: no
configure:17529: checking libmng.h presence
configure:17529: gcc -E  conftest.c
conftest.c:40:20: fatal error: libmng.h: No such file or directory
compilation terminated.
configure:17529: $? = 1
configure: failed program was:
| /* confdefs.h */
| #define PACKAGE_NAME "DevIL"
| #define PACKAGE_TARNAME "devil"
| #define PACKAGE_VERSION "1.7.8"
| #define PACKAGE_STRING "DevIL 1.7.8"
| #define PACKAGE_BUGREPORT "bubla@users.sourceforge.net"
| #define PACKAGE_URL ""
| #define STDC_HEADERS 1
| #define HAVE_SYS_TYPES_H 1
| #define HAVE_SYS_STAT_H 1
| #define HAVE_STDLIB_H 1
| #define HAVE_STRING_H 1
| #define HAVE_MEMORY_H 1
| #define HAVE_STRINGS_H 1
| #define HAVE_INTTYPES_H 1
| #define HAVE_STDINT_H 1
| #define HAVE_UNISTD_H 1
| #define HAVE_DLFCN_H 1
| #define LT_OBJDIR ".libs/"
| #define PACKAGE "devil"
| #define VERSION "1.7.8"
| #define SSE /**/
| #define VECTORMEM /**/
| #define SSE2 /**/
| #define VECTORMEM /**/
| #define SSE3 /**/
| #define VECTORMEM /**/
| #define GCC_X86_64_ASM /**/
| #define IL_INLINE_ASM 1
| #define VALLOC 1
| #define POSIX_MEMALIGN 1
| #define MEMALIGN 1
| #define MM_MALLOC 1
| #define HAVE_LIBZ 1
| #define HAVE_LIBM 1
| #define IL_NO_EXR /**/
| #define IL_USE_JPEGLIB_UNMODIFIED 1
| #define LCMS_NODIRINCLUDE 1
| /* end confdefs.h.  */
| #include <libmng.h>
configure:17529: result: no
configure:17529: checking for libmng.h
configure:17529: result: no
configure:17582: checking whether we would like to have support for mng format
configure:17585: result: no
configure:17606: checking whether we would like to have support for mp3 format
configure:17615: result: yes
configure:17630: checking whether we would like to have support for pcx format
configure:17639: result: yes
configure:17654: checking whether we would like to have support for pcd format
configure:17663: result: yes
configure:17678: checking whether we would like to have support for pic format
configure:17687: result: yes
configure:17702: checking whether we would like to have support for pix format
configure:17711: result: yes
configure:17724: checking png.h usability
configure:17724: gcc -c -g -O2  conftest.c >&5
configure:17724: $? = 0
configure:17724: result: yes
configure:17724: checking png.h presence
configure:17724: gcc -E  conftest.c
configure:17724: $? = 0
configure:17724: result: yes
configure:17724: checking for png.h
configure:17724: result: yes
configure:17726: checking for main in -lpng12
configure:17745: gcc -o conftest -g -O2   conftest.c -lpng12  -lm -lz  >&5
configure:17745: $? = 0
configure:17754: result: yes
configure:17825: checking whether we would like to have support for png format
configure:17834: result: yes
configure:17849: checking whether we would like to have support for pnm format
configure:17858: result: yes
configure:17873: checking whether we would like to have support for psd format
configure:17882: result: yes
configure:17897: checking whether we would like to have support for psp format
configure:17906: result: yes
configure:17921: checking whether we would like to have support for pxr format
configure:17930: result: yes
configure:17945: checking whether we would like to have support for raw format
configure:17954: result: yes
configure:17969: checking whether we would like to have support for rot format
configure:17978: result: yes
configure:17993: checking whether we would like to have support for sgi format
configure:18002: result: yes
configure:18017: checking whether we would like to have support for sun format
configure:18026: result: yes
configure:18041: checking whether we would like to have support for texture format
configure:18050: result: yes
configure:18065: checking whether we would like to have support for tga format
configure:18074: result: yes
configure:18087: checking tiffio.h usability
configure:18087: gcc -c -g -O2  conftest.c >&5
configure:18087: $? = 0
configure:18087: result: yes
configure:18087: checking tiffio.h presence
configure:18087: gcc -E  conftest.c
configure:18087: $? = 0
configure:18087: result: yes
configure:18087: checking for tiffio.h
configure:18087: result: yes
configure:18089: checking for main in -ltiff
configure:18108: gcc -o conftest -g -O2   conftest.c -ltiff  -lm -lz  >&5
configure:18108: $? = 0
configure:18117: result: yes
configure:18140: checking whether we would like to have support for tiff format
configure:18149: result: yes
configure:18164: checking whether we would like to have support for tpl format
configure:18173: result: yes
configure:18188: checking whether we would like to have support for utx format
configure:18197: result: yes
configure:18212: checking whether we would like to have support for vtf format
configure:18221: result: yes
configure:18236: checking whether we would like to have support for wal format
configure:18245: result: yes
configure:18260: checking whether we would like to have support for wbmp format
configure:18269: result: yes
configure:18284: checking whether we would like to have support for wdp format
configure:18293: result: yes
configure:18308: checking whether we would like to have support for xpm format
configure:18317: result: yes
configure:18332: checking squish.h usability
configure:18332: gcc -c -g -O2  conftest.c >&5
conftest.c:74:20: fatal error: squish.h: No such file or directory
compilation terminated.
configure:18332: $? = 1
configure: failed program was:
| /* confdefs.h */
| #define PACKAGE_NAME "DevIL"
| #define PACKAGE_TARNAME "devil"
| #define PACKAGE_VERSION "1.7.8"
| #define PACKAGE_STRING "DevIL 1.7.8"
| #define PACKAGE_BUGREPORT "bubla@users.sourceforge.net"
| #define PACKAGE_URL ""
| #define STDC_HEADERS 1
| #define HAVE_SYS_TYPES_H 1
| #define HAVE_SYS_STAT_H 1
| #define HAVE_STDLIB_H 1
| #define HAVE_STRING_H 1
| #define HAVE_MEMORY_H 1
| #define HAVE_STRINGS_H 1
| #define HAVE_INTTYPES_H 1
| #define HAVE_STDINT_H 1
| #define HAVE_UNISTD_H 1
| #define HAVE_DLFCN_H 1
| #define LT_OBJDIR ".libs/"
| #define PACKAGE "devil"
| #define VERSION "1.7.8"
| #define SSE /**/
| #define VECTORMEM /**/
| #define SSE2 /**/
| #define VECTORMEM /**/
| #define SSE3 /**/
| #define VECTORMEM /**/
| #define GCC_X86_64_ASM /**/
| #define IL_INLINE_ASM 1
| #define VALLOC 1
| #define POSIX_MEMALIGN 1
| #define MEMALIGN 1
| #define MM_MALLOC 1
| #define HAVE_LIBZ 1
| #define HAVE_LIBM 1
| #define IL_NO_EXR /**/
| #define IL_USE_JPEGLIB_UNMODIFIED 1
| #define LCMS_NODIRINCLUDE 1
| #define IL_NO_MNG /**/
| /* end confdefs.h.  */
| #include <stdio.h>
| #ifdef HAVE_SYS_TYPES_H
| # include <sys/types.h>
| #endif
| #ifdef HAVE_SYS_STAT_H
| # include <sys/stat.h>
| #endif
| #ifdef STDC_HEADERS
| # include <stdlib.h>
| # include <stddef.h>
| #else
| # ifdef HAVE_STDLIB_H
| #  include <stdlib.h>
| # endif
| #endif
| #ifdef HAVE_STRING_H
| # if !defined STDC_HEADERS && defined HAVE_MEMORY_H
| #  include <memory.h>
| # endif
| # include <string.h>
| #endif
| #ifdef HAVE_STRINGS_H
| # include <strings.h>
| #endif
| #ifdef HAVE_INTTYPES_H
| # include <inttypes.h>
| #endif
| #ifdef HAVE_STDINT_H
| # include <stdint.h>
| #endif
| #ifdef HAVE_UNISTD_H
| # include <unistd.h>
| #endif
| #include <squish.h>
configure:18332: result: no
configure:18332: checking squish.h presence
configure:18332: gcc -E  conftest.c
conftest.c:41:20: fatal error: squish.h: No such file or directory
compilation terminated.
configure:18332: $? = 1
configure: failed program was:
| /* confdefs.h */
| #define PACKAGE_NAME "DevIL"
| #define PACKAGE_TARNAME "devil"
| #define PACKAGE_VERSION "1.7.8"
| #define PACKAGE_STRING "DevIL 1.7.8"
| #define PACKAGE_BUGREPORT "bubla@users.sourceforge.net"
| #define PACKAGE_URL ""
| #define STDC_HEADERS 1
| #define HAVE_SYS_TYPES_H 1
| #define HAVE_SYS_STAT_H 1
| #define HAVE_STDLIB_H 1
| #define HAVE_STRING_H 1
| #define HAVE_MEMORY_H 1
| #define HAVE_STRINGS_H 1
| #define HAVE_INTTYPES_H 1
| #define HAVE_STDINT_H 1
| #define HAVE_UNISTD_H 1
| #define HAVE_DLFCN_H 1
| #define LT_OBJDIR ".libs/"
| #define PACKAGE "devil"
| #define VERSION "1.7.8"
| #define SSE /**/
| #define VECTORMEM /**/
| #define SSE2 /**/
| #define VECTORMEM /**/
| #define SSE3 /**/
| #define VECTORMEM /**/
| #define GCC_X86_64_ASM /**/
| #define IL_INLINE_ASM 1
| #define VALLOC 1
| #define POSIX_MEMALIGN 1
| #define MEMALIGN 1
| #define MM_MALLOC 1
| #define HAVE_LIBZ 1
| #define HAVE_LIBM 1
| #define IL_NO_EXR /**/
| #define IL_USE_JPEGLIB_UNMODIFIED 1
| #define LCMS_NODIRINCLUDE 1
| #define IL_NO_MNG /**/
| /* end confdefs.h.  */
| #include <squish.h>
configure:18332: result: no
configure:18332: checking for squish.h
configure:18332: result: no
configure:18398: checking nvtt/nvtt.h usability
configure:18398: gcc -c -g -O2  conftest.c >&5
conftest.c:74:23: fatal error: nvtt/nvtt.h: No such file or directory
compilation terminated.
configure:18398: $? = 1
configure: failed program was:
| /* confdefs.h */
| #define PACKAGE_NAME "DevIL"
| #define PACKAGE_TARNAME "devil"
| #define PACKAGE_VERSION "1.7.8"
| #define PACKAGE_STRING "DevIL 1.7.8"
| #define PACKAGE_BUGREPORT "bubla@users.sourceforge.net"
| #define PACKAGE_URL ""
| #define STDC_HEADERS 1
| #define HAVE_SYS_TYPES_H 1
| #define HAVE_SYS_STAT_H 1
| #define HAVE_STDLIB_H 1
| #define HAVE_STRING_H 1
| #define HAVE_MEMORY_H 1
| #define HAVE_STRINGS_H 1
| #define HAVE_INTTYPES_H 1
| #define HAVE_STDINT_H 1
| #define HAVE_UNISTD_H 1
| #define HAVE_DLFCN_H 1
| #define LT_OBJDIR ".libs/"
| #define PACKAGE "devil"
| #define VERSION "1.7.8"
| #define SSE /**/
| #define VECTORMEM /**/
| #define SSE2 /**/
| #define VECTORMEM /**/
| #define SSE3 /**/
| #define VECTORMEM /**/
| #define GCC_X86_64_ASM /**/
| #define IL_INLINE_ASM 1
| #define VALLOC 1
| #define POSIX_MEMALIGN 1
| #define MEMALIGN 1
| #define MM_MALLOC 1
| #define HAVE_LIBZ 1
| #define HAVE_LIBM 1
| #define IL_NO_EXR /**/
| #define IL_USE_JPEGLIB_UNMODIFIED 1
| #define LCMS_NODIRINCLUDE 1
| #define IL_NO_MNG /**/
| /* end confdefs.h.  */
| #include <stdio.h>
| #ifdef HAVE_SYS_TYPES_H
| # include <sys/types.h>
| #endif
| #ifdef HAVE_SYS_STAT_H
| # include <sys/stat.h>
| #endif
| #ifdef STDC_HEADERS
| # include <stdlib.h>
| # include <stddef.h>
| #else
| # ifdef HAVE_STDLIB_H
| #  include <stdlib.h>
| # endif
| #endif
| #ifdef HAVE_STRING_H
| # if !defined STDC_HEADERS && defined HAVE_MEMORY_H
| #  include <memory.h>
| # endif
| # include <string.h>
| #endif
| #ifdef HAVE_STRINGS_H
| # include <strings.h>
| #endif
| #ifdef HAVE_INTTYPES_H
| # include <inttypes.h>
| #endif
| #ifdef HAVE_STDINT_H
| # include <stdint.h>
| #endif
| #ifdef HAVE_UNISTD_H
| # include <unistd.h>
| #endif
| #include <nvtt/nvtt.h>
configure:18398: result: no
configure:18398: checking nvtt/nvtt.h presence
configure:18398: gcc -E  conftest.c
conftest.c:41:23: fatal error: nvtt/nvtt.h: No such file or directory
compilation terminated.
configure:18398: $? = 1
configure: failed program was:
| /* confdefs.h */
| #define PACKAGE_NAME "DevIL"
| #define PACKAGE_TARNAME "devil"
| #define PACKAGE_VERSION "1.7.8"
| #define PACKAGE_STRING "DevIL 1.7.8"
| #define PACKAGE_BUGREPORT "bubla@users.sourceforge.net"
| #define PACKAGE_URL ""
| #define STDC_HEADERS 1
| #define HAVE_SYS_TYPES_H 1
| #define HAVE_SYS_STAT_H 1
| #define HAVE_STDLIB_H 1
| #define HAVE_STRING_H 1
| #define HAVE_MEMORY_H 1
| #define HAVE_STRINGS_H 1
| #define HAVE_INTTYPES_H 1
| #define HAVE_STDINT_H 1
| #define HAVE_UNISTD_H 1
| #define HAVE_DLFCN_H 1
| #define LT_OBJDIR ".libs/"
| #define PACKAGE "devil"
| #define VERSION "1.7.8"
| #define SSE /**/
| #define VECTORMEM /**/
| #define SSE2 /**/
| #define VECTORMEM /**/
| #define SSE3 /**/
| #define VECTORMEM /**/
| #define GCC_X86_64_ASM /**/
| #define IL_INLINE_ASM 1
| #define VALLOC 1
| #define POSIX_MEMALIGN 1
| #define MEMALIGN 1
| #define MM_MALLOC 1
| #define HAVE_LIBZ 1
| #define HAVE_LIBM 1
| #define IL_NO_EXR /**/
| #define IL_USE_JPEGLIB_UNMODIFIED 1
| #define LCMS_NODIRINCLUDE 1
| #define IL_NO_MNG /**/
| /* end confdefs.h.  */
| #include <nvtt/nvtt.h>
configure:18398: result: no
configure:18398: checking for nvtt/nvtt.h
configure:18398: result: no
configure:18455: checking for X
configure:18563: gcc -E  conftest.c
configure:18563: $? = 0
configure:18594: gcc -o conftest -g -O2   conftest.c -lX11 -lm -lz  >&5
configure:18594: $? = 0
configure:18644: result: libraries , headers 
configure:18813: checking for the pthreads library -lpthreads
configure:18846: gcc -o conftest -g -O2    conftest.c -lpthreads -lm -lz  >&5
/usr/bin/ld: cannot find -lpthreads
collect2: ld returned 1 exit status
configure:18846: $? = 1
configure: failed program was:
| /* confdefs.h */
| #define PACKAGE_NAME "DevIL"
| #define PACKAGE_TARNAME "devil"
| #define PACKAGE_VERSION "1.7.8"
| #define PACKAGE_STRING "DevIL 1.7.8"
| #define PACKAGE_BUGREPORT "bubla@users.sourceforge.net"
| #define PACKAGE_URL ""
| #define STDC_HEADERS 1
| #define HAVE_SYS_TYPES_H 1
| #define HAVE_SYS_STAT_H 1
| #define HAVE_STDLIB_H 1
| #define HAVE_STRING_H 1
| #define HAVE_MEMORY_H 1
| #define HAVE_STRINGS_H 1
| #define HAVE_INTTYPES_H 1
| #define HAVE_STDINT_H 1
| #define HAVE_UNISTD_H 1
| #define HAVE_DLFCN_H 1
| #define LT_OBJDIR ".libs/"
| #define PACKAGE "devil"
| #define VERSION "1.7.8"
| #define SSE /**/
| #define VECTORMEM /**/
| #define SSE2 /**/
| #define VECTORMEM /**/
| #define SSE3 /**/
| #define VECTORMEM /**/
| #define GCC_X86_64_ASM /**/
| #define IL_INLINE_ASM 1
| #define VALLOC 1
| #define POSIX_MEMALIGN 1
| #define MEMALIGN 1
| #define MM_MALLOC 1
| #define HAVE_LIBZ 1
| #define HAVE_LIBM 1
| #define IL_NO_EXR /**/
| #define IL_USE_JPEGLIB_UNMODIFIED 1
| #define LCMS_NODIRINCLUDE 1
| #define IL_NO_MNG /**/
| /* end confdefs.h.  */
| #include <pthread.h>
| int
| main ()
| {
| pthread_t th; pthread_join(th, 0);
|                      pthread_attr_init(0); pthread_cleanup_push(0, 0);
|                      pthread_create(0,0,0,0); pthread_cleanup_pop(0);
|   ;
|   return 0;
| }
configure:18855: result: no
configure:18758: checking whether pthreads work without any flags
configure:18846: gcc -o conftest -g -O2    conftest.c  -lm -lz  >&5
/tmp/ccNdsDap.o: In function `main':
/home/cc/cs184/fa13/class/cs184-ac/Documents/ga-3/devil-1.7.8/conftest.c:45: undefined reference to `pthread_join'
/home/cc/cs184/fa13/class/cs184-ac/Documents/ga-3/devil-1.7.8/conftest.c:46: undefined reference to `__pthread_register_cancel'
/home/cc/cs184/fa13/class/cs184-ac/Documents/ga-3/devil-1.7.8/conftest.c:47: undefined reference to `pthread_create'
/home/cc/cs184/fa13/class/cs184-ac/Documents/ga-3/devil-1.7.8/conftest.c:47: undefined reference to `__pthread_unregister_cancel'
collect2: ld returned 1 exit status
configure:18846: $? = 1
configure: failed program was:
| /* confdefs.h */
| #define PACKAGE_NAME "DevIL"
| #define PACKAGE_TARNAME "devil"
| #define PACKAGE_VERSION "1.7.8"
| #define PACKAGE_STRING "DevIL 1.7.8"
| #define PACKAGE_BUGREPORT "bubla@users.sourceforge.net"
| #define PACKAGE_URL ""
| #define STDC_HEADERS 1
| #define HAVE_SYS_TYPES_H 1
| #define HAVE_SYS_STAT_H 1
| #define HAVE_STDLIB_H 1
| #define HAVE_STRING_H 1
| #define HAVE_MEMORY_H 1
| #define HAVE_STRINGS_H 1
| #define HAVE_INTTYPES_H 1
| #define HAVE_STDINT_H 1
| #define HAVE_UNISTD_H 1
| #define HAVE_DLFCN_H 1
| #define LT_OBJDIR ".libs/"
| #define PACKAGE "devil"
| #define VERSION "1.7.8"
| #define SSE /**/
| #define VECTORMEM /**/
| #define SSE2 /**/
| #define VECTORMEM /**/
| #define SSE3 /**/
| #define VECTORMEM /**/
| #define GCC_X86_64_ASM /**/
| #define IL_INLINE_ASM 1
| #define VALLOC 1
| #define POSIX_MEMALIGN 1
| #define MEMALIGN 1
| #define MM_MALLOC 1
| #define HAVE_LIBZ 1
| #define HAVE_LIBM 1
| #define IL_NO_EXR /**/
| #define IL_USE_JPEGLIB_UNMODIFIED 1
| #define LCMS_NODIRINCLUDE 1
| #define IL_NO_MNG /**/
| /* end confdefs.h.  */
| #include <pthread.h>
| int
| main ()
| {
| pthread_t th; pthread_join(th, 0);
|                      pthread_attr_init(0); pthread_cleanup_push(0, 0);
|                      pthread_create(0,0,0,0); pthread_cleanup_pop(0);
|   ;
|   return 0;
| }
configure:18855: result: no
configure:18763: checking whether pthreads work with -Kthread
configure:18846: gcc -o conftest -g -O2 -Kthread   conftest.c  -lm -lz  >&5
gcc: error: unrecognized option '-Kthread'
configure:18846: $? = 1
configure: failed program was:
| /* confdefs.h */
| #define PACKAGE_NAME "DevIL"
| #define PACKAGE_TARNAME "devil"
| #define PACKAGE_VERSION "1.7.8"
| #define PACKAGE_STRING "DevIL 1.7.8"
| #define PACKAGE_BUGREPORT "bubla@users.sourceforge.net"
| #define PACKAGE_URL ""
| #define STDC_HEADERS 1
| #define HAVE_SYS_TYPES_H 1
| #define HAVE_SYS_STAT_H 1
| #define HAVE_STDLIB_H 1
| #define HAVE_STRING_H 1
| #define HAVE_MEMORY_H 1
| #define HAVE_STRINGS_H 1
| #define HAVE_INTTYPES_H 1
| #define HAVE_STDINT_H 1
| #define HAVE_UNISTD_H 1
| #define HAVE_DLFCN_H 1
| #define LT_OBJDIR ".libs/"
| #define PACKAGE "devil"
| #define VERSION "1.7.8"
| #define SSE /**/
| #define VECTORMEM /**/
| #define SSE2 /**/
| #define VECTORMEM /**/
| #define SSE3 /**/
| #define VECTORMEM /**/
| #define GCC_X86_64_ASM /**/
| #define IL_INLINE_ASM 1
| #define VALLOC 1
| #define POSIX_MEMALIGN 1
| #define MEMALIGN 1
| #define MM_MALLOC 1
| #define HAVE_LIBZ 1
| #define HAVE_LIBM 1
| #define IL_NO_EXR /**/
| #define IL_USE_JPEGLIB_UNMODIFIED 1
| #define LCMS_NODIRINCLUDE 1
| #define IL_NO_MNG /**/
| /* end confdefs.h.  */
| #include <pthread.h>
| int
| main ()
| {
| pthread_t th; pthread_join(th, 0);
|                      pthread_attr_init(0); pthread_cleanup_push(0, 0);
|                      pthread_create(0,0,0,0); pthread_cleanup_pop(0);
|   ;
|   return 0;
| }
configure:18855: result: no
configure:18763: checking whether pthreads work with -kthread
configure:18846: gcc -o conftest -g -O2 -kthread   conftest.c  -lm -lz  >&5
gcc: error: unrecognized option '-kthread'
configure:18846: $? = 1
configure: failed program was:
| /* confdefs.h */
| #define PACKAGE_NAME "DevIL"
| #define PACKAGE_TARNAME "devil"
| #define PACKAGE_VERSION "1.7.8"
| #define PACKAGE_STRING "DevIL 1.7.8"
| #define PACKAGE_BUGREPORT "bubla@users.sourceforge.net"
| #define PACKAGE_URL ""
| #define STDC_HEADERS 1
| #define HAVE_SYS_TYPES_H 1
| #define HAVE_SYS_STAT_H 1
| #define HAVE_STDLIB_H 1
| #define HAVE_STRING_H 1
| #define HAVE_MEMORY_H 1
| #define HAVE_STRINGS_H 1
| #define HAVE_INTTYPES_H 1
| #define HAVE_STDINT_H 1
| #define HAVE_UNISTD_H 1
| #define HAVE_DLFCN_H 1
| #define LT_OBJDIR ".libs/"
| #define PACKAGE "devil"
| #define VERSION "1.7.8"
| #define SSE /**/
| #define VECTORMEM /**/
| #define SSE2 /**/
| #define VECTORMEM /**/
| #define SSE3 /**/
| #define VECTORMEM /**/
| #define GCC_X86_64_ASM /**/
| #define IL_INLINE_ASM 1
| #define VALLOC 1
| #define POSIX_MEMALIGN 1
| #define MEMALIGN 1
| #define MM_MALLOC 1
| #define HAVE_LIBZ 1
| #define HAVE_LIBM 1
| #define IL_NO_EXR /**/
| #define IL_USE_JPEGLIB_UNMODIFIED 1
| #define LCMS_NODIRINCLUDE 1
| #define IL_NO_MNG /**/
| /* end confdefs.h.  */
| #include <pthread.h>
| int
| main ()
| {
| pthread_t th; pthread_join(th, 0);
|                      pthread_attr_init(0); pthread_cleanup_push(0, 0);
|                      pthread_create(0,0,0,0); pthread_cleanup_pop(0);
|   ;
|   return 0;
| }
configure:18855: result: no
configure:18813: checking for the pthreads library -llthread
configure:18846: gcc -o conftest -g -O2    conftest.c -llthread -lm -lz  >&5
/usr/bin/ld: cannot find -llthread
collect2: ld returned 1 exit status
configure:18846: $? = 1
configure: failed program was:
| /* confdefs.h */
| #define PACKAGE_NAME "DevIL"
| #define PACKAGE_TARNAME "devil"
| #define PACKAGE_VERSION "1.7.8"
| #define PACKAGE_STRING "DevIL 1.7.8"
| #define PACKAGE_BUGREPORT "bubla@users.sourceforge.net"
| #define PACKAGE_URL ""
| #define STDC_HEADERS 1
| #define HAVE_SYS_TYPES_H 1
| #define HAVE_SYS_STAT_H 1
| #define HAVE_STDLIB_H 1
| #define HAVE_STRING_H 1
| #define HAVE_MEMORY_H 1
| #define HAVE_STRINGS_H 1
| #define HAVE_INTTYPES_H 1
| #define HAVE_STDINT_H 1
| #define HAVE_UNISTD_H 1
| #define HAVE_DLFCN_H 1
| #define LT_OBJDIR ".libs/"
| #define PACKAGE "devil"
| #define VERSION "1.7.8"
| #define SSE /**/
| #define VECTORMEM /**/
| #define SSE2 /**/
| #define VECTORMEM /**/
| #define SSE3 /**/
| #define VECTORMEM /**/
| #define GCC_X86_64_ASM /**/
| #define IL_INLINE_ASM 1
| #define VALLOC 1
| #define POSIX_MEMALIGN 1
| #define MEMALIGN 1
| #define MM_MALLOC 1
| #define HAVE_LIBZ 1
| #define HAVE_LIBM 1
| #define IL_NO_EXR /**/
| #define IL_USE_JPEGLIB_UNMODIFIED 1
| #define LCMS_NODIRINCLUDE 1
| #define IL_NO_MNG /**/
| /* end confdefs.h.  */
| #include <pthread.h>
| int
| main ()
| {
| pthread_t th; pthread_join(th, 0);
|                      pthread_attr_init(0); pthread_cleanup_push(0, 0);
|                      pthread_create(0,0,0,0); pthread_cleanup_pop(0);
|   ;
|   return 0;
| }
configure:18855: result: no
configure:18763: checking whether pthreads work with -pthread
configure:18846: gcc -o conftest -g -O2 -pthread   conftest.c  -lm -lz  >&5
configure:18846: $? = 0
configure:18855: result: yes
configure:18874: checking for joinable pthread attribute
configure:18889: gcc -o conftest -g -O2 -pthread   conftest.c  -lm -lz  >&5
configure:18889: $? = 0
configure:18895: result: PTHREAD_CREATE_JOINABLE
configure:18905: checking if more special flags are required for pthreads
configure:18912: result: no
configure:19089: gcc -o conftest -g -O2   conftest.c -lm -lz   -lX11 >&5
configure:19089: $? = 0
configure:19187: checking for gethostbyname
configure:19187: gcc -o conftest -g -O2   conftest.c -lm -lz  >&5
configure:19187: $? = 0
configure:19187: result: yes
configure:19284: checking for connect
configure:19284: gcc -o conftest -g -O2   conftest.c -lm -lz  >&5
configure:19284: $? = 0
configure:19284: result: yes
configure:19333: checking for remove
configure:19333: gcc -o conftest -g -O2   conftest.c -lm -lz  >&5
configure:19333: $? = 0
configure:19333: result: yes
configure:19382: checking for shmat
configure:19382: gcc -o conftest -g -O2   conftest.c -lm -lz  >&5
configure:19382: $? = 0
configure:19382: result: yes
configure:19440: checking for IceConnectionNumber in -lICE
configure:19465: gcc -o conftest -g -O2   conftest.c -lICE  -lm -lz  >&5
configure:19465: $? = 0
configure:19474: result: yes
configure:21341: creating ./config.status
configure:23859: +----------------------------------------+
configure:23862: \| IL library  Supported formats \|
configure:23864: +----------------------------------------+-------+
configure:23866:  BLP BMP DCX DDS DICOM WAD FITS GIF HDR ICNS ICON IFF ILBM IWI JPG JP2 LCMS LIF MDL MP3 PCX PCD PIC PIX PNG PNM PSD PSP PXR RAW ROT SGI SUN TEXTURE TGA TIF TPL UTX VTF WAL WBMP WDP XPM
configure:23868: +----------------------------------------+
configure:23870: \| IL library External libraries \|
configure:23872: +----------------------------------------+-------+
configure:23874: Required libs:  OpenEXR libjpeg JasPer lcms libpng libtiff
configure:23886: +----------------------------------------+
configure:23892: \|      ILU part disabled       \|
configure:23894: +----------------------------------------+-------+
configure:23896: Pass --enable-ILU option to the configure script if you want to build ILU
configure:23899: +----------------------------------------+
configure:23909: \|      ILUT part disabled      \|
configure:23911: +----------------------------------------+-------+
configure:23913: Pass --enable-ILUT option to the configure script if you want to build ILUT
configure:23916: +----------------------------------------+
configure:23918: \| Detected Machine Extensions  \|
configure:23920: +----------------------------------------+-------+
configure:23922: SSE SSE2 SSE3 X86_64_ASM 
configure:23924: +----------------------------------------+
configure:23938: \|  Not building any examples   \|
configure:23940: +----------------------------------------+-------+
configure:23942: Pass --with-examples option to the configure script if you want to build examples.
configure:23945: +----------------------------------------+

## ---------------- ##
## Cache variables. ##
## ---------------- ##

ac_cv_build=x86_64-unknown-linux-gnu
ac_cv_c_bigendian=no
ac_cv_c_compiler_gnu=yes
ac_cv_cxx_compiler_gnu=yes
ac_cv_env_CCC_set=''
ac_cv_env_CCC_value=''
ac_cv_env_CC_set=''
ac_cv_env_CC_value=''
ac_cv_env_CFLAGS_set=''
ac_cv_env_CFLAGS_value=''
ac_cv_env_CPPFLAGS_set=''
ac_cv_env_CPPFLAGS_value=''
ac_cv_env_CPP_set=''
ac_cv_env_CPP_value=''
ac_cv_env_CXXCPP_set=''
ac_cv_env_CXXCPP_value=''
ac_cv_env_CXXFLAGS_set=''
ac_cv_env_CXXFLAGS_value=''
ac_cv_env_CXX_set=''
ac_cv_env_CXX_value=''
ac_cv_env_LDFLAGS_set=''
ac_cv_env_LDFLAGS_value=''
ac_cv_env_LIBS_set=''
ac_cv_env_LIBS_value=''
ac_cv_env_OPENEXR_CFLAGS_set=''
ac_cv_env_OPENEXR_CFLAGS_value=''
ac_cv_env_OPENEXR_LIBS_set=''
ac_cv_env_OPENEXR_LIBS_value=''
ac_cv_env_PKG_CONFIG_set=''
ac_cv_env_PKG_CONFIG_value=''
ac_cv_env_XMKMF_set=''
ac_cv_env_XMKMF_value=''
ac_cv_env_build_alias_set=''
ac_cv_env_build_alias_value=''
ac_cv_env_host_alias_set=''
ac_cv_env_host_alias_value=''
ac_cv_env_target_alias_set=''
ac_cv_env_target_alias_value=''
ac_cv_func_connect=yes
ac_cv_func_gethostbyname=yes
ac_cv_func_memalign=yes
ac_cv_func_posix_memalign=yes
ac_cv_func_remove=yes
ac_cv_func_shmat=yes
ac_cv_func_valloc=yes
ac_cv_have_x='have_x=yes	ac_x_includes='\'\''	ac_x_libraries='\'\'
ac_cv_header_dlfcn_h=yes
ac_cv_header_inttypes_h=yes
ac_cv_header_jasper_jasper_h=yes
ac_cv_header_jpeglib_h=yes
ac_cv_header_lcms_h=yes
ac_cv_header_lcms_lcms_h=no
ac_cv_header_libmng_h=no
ac_cv_header_memory_h=yes
ac_cv_header_mm_malloc_h=yes
ac_cv_header_nvtt_nvtt_h=no
ac_cv_header_png_h=yes
ac_cv_header_squish_h=no
ac_cv_header_stdc=yes
ac_cv_header_stdint_h=yes
ac_cv_header_stdlib_h=yes
ac_cv_header_string_h=yes
ac_cv_header_strings_h=yes
ac_cv_header_sys_stat_h=yes
ac_cv_header_sys_types_h=yes
ac_cv_header_tiffio_h=yes
ac_cv_header_unistd_h=yes
ac_cv_header_zlib_h=yes
ac_cv_host=x86_64-unknown-linux-gnu
ac_cv_lib_ICE_IceConnectionNumber=yes
ac_cv_lib_jasper_main=yes
ac_cv_lib_jpeg_main=yes
ac_cv_lib_lcms_main=yes
ac_cv_lib_m_main=yes
ac_cv_lib_png12_main=yes
ac_cv_lib_tiff_main=yes
ac_cv_lib_z_main=yes
ac_cv_objext=o
ac_cv_path_EGREP='/bin/grep -E'
ac_cv_path_FGREP='/bin/grep -F'
ac_cv_path_GREP=/bin/grep
ac_cv_path_SED=/bin/sed
ac_cv_path_ac_pt_PKG_CONFIG=/usr/bin/pkg-config
ac_cv_path_install='/usr/bin/install -c'
ac_cv_path_mkdir=/bin/mkdir
ac_cv_prog_AWK=gawk
ac_cv_prog_CPP='gcc -E'
ac_cv_prog_CXXCPP='g++ -E'
ac_cv_prog_ac_ct_AR=ar
ac_cv_prog_ac_ct_CC=gcc
ac_cv_prog_ac_ct_CXX=g++
ac_cv_prog_ac_ct_MANIFEST_TOOL=mt
ac_cv_prog_ac_ct_OBJDUMP=objdump
ac_cv_prog_ac_ct_RANLIB=ranlib
ac_cv_prog_ac_ct_STRIP=strip
ac_cv_prog_cc_c89=''
ac_cv_prog_cc_g=yes
ac_cv_prog_cc_gcc_c_o=yes
ac_cv_prog_cxx_g=yes
ac_cv_prog_make_make_set=yes
am_cv_CC_dependencies_compiler_type=gcc3
am_cv_CXX_dependencies_compiler_type=gcc3
lt_cv_ar_at_file=@
lt_cv_archive_cmds_need_lc=no
lt_cv_deplibs_check_method=pass_all
lt_cv_file_magic_cmd='$MAGIC_CMD'
lt_cv_file_magic_test_file=''
lt_cv_ld_reload_flag=-r
lt_cv_nm_interface='BSD nm'
lt_cv_objdir=.libs
lt_cv_path_LD=/usr/bin/ld
lt_cv_path_LDCXX='/usr/bin/ld -m elf_x86_64'
lt_cv_path_NM='/usr/bin/nm -B'
lt_cv_path_mainfest_tool=no
lt_cv_prog_compiler_c_o=yes
lt_cv_prog_compiler_c_o_CXX=yes
lt_cv_prog_compiler_pic='-fPIC -DPIC'
lt_cv_prog_compiler_pic_CXX='-fPIC -DPIC'
lt_cv_prog_compiler_pic_works=yes
lt_cv_prog_compiler_pic_works_CXX=yes
lt_cv_prog_compiler_rtti_exceptions=no
lt_cv_prog_compiler_static_works=yes
lt_cv_prog_compiler_static_works_CXX=yes
lt_cv_prog_gnu_ld=yes
lt_cv_prog_gnu_ldcxx=yes
lt_cv_sharedlib_from_linklib_cmd='print -r --'
lt_cv_shlibpath_overrides_runpath=no
lt_cv_sys_global_symbol_pipe='sed -n -e '\''s/^.*[	 ]\([ABCDGIRSTW][ABCDGIRSTW]*\)[	 ][	 ]*\([_A-Za-z][_A-Za-z0-9]*\)$/\1 \2 \2/p'\'' | sed '\''/ __gnu_lto/d'\'
lt_cv_sys_global_symbol_to_c_name_address='sed -n -e '\''s/^: \([^ ]*\)[ ]*$/  {\"\1\", (void *) 0},/p'\'' -e '\''s/^[ABCDGIRSTW]* \([^ ]*\) \([^ ]*\)$/  {"\2", (void *) \&\2},/p'\'
lt_cv_sys_global_symbol_to_c_name_address_lib_prefix='sed -n -e '\''s/^: \([^ ]*\)[ ]*$/  {\"\1\", (void *) 0},/p'\'' -e '\''s/^[ABCDGIRSTW]* \([^ ]*\) \(lib[^ ]*\)$/  {"\2", (void *) \&\2},/p'\'' -e '\''s/^[ABCDGIRSTW]* \([^ ]*\) \([^ ]*\)$/  {"lib\2", (void *) \&\2},/p'\'
lt_cv_sys_global_symbol_to_cdecl='sed -n -e '\''s/^T .* \(.*\)$/extern int \1();/p'\'' -e '\''s/^[ABCDGIRSTW]* .* \(.*\)$/extern char \1;/p'\'
lt_cv_sys_max_cmd_len=3458764513820540925
lt_cv_to_host_file_cmd=func_convert_file_noop
lt_cv_to_tool_file_cmd=func_convert_file_noop

## ----------------- ##
## Output variables. ##
## ----------------- ##

ACLOCAL='${SHELL} /home/cc/cs184/fa13/class/cs184-ac/Documents/ga-3/devil-1.7.8/build-aux/missing --run aclocal-1.11'
ALLEGRO_CONFIG=''
AMDEPBACKSLASH='\'
AMDEP_FALSE='#'
AMDEP_TRUE=''
AMTAR='$${TAR-tar}'
AR='ar'
AS='as'
AUTOCONF='${SHELL} /home/cc/cs184/fa13/class/cs184-ac/Documents/ga-3/devil-1.7.8/build-aux/missing --run autoconf'
AUTOHEADER='${SHELL} /home/cc/cs184/fa13/class/cs184-ac/Documents/ga-3/devil-1.7.8/build-aux/missing --run autoheader'
AUTOMAKE='${SHELL} /home/cc/cs184/fa13/class/cs184-ac/Documents/ga-3/devil-1.7.8/build-aux/missing --run automake-1.11'
AWK='gawk'
BUILD_EXAMPLES_FALSE=''
BUILD_EXAMPLES_TRUE='#'
BUILD_ILUT_FALSE=''
BUILD_ILUT_TRUE='#'
BUILD_ILU_FALSE=''
BUILD_ILU_TRUE='#'
BUILD_IL_FALSE='#'
BUILD_IL_TRUE=''
CC='gcc'
CCDEPMODE='depmode=gcc3'
CFLAGS='-g -O2'
CPP='gcc -E'
CPPFLAGS=''
CXX='g++'
CXXCPP='g++ -E'
CXXDEPMODE='depmode=gcc3'
CXXFLAGS='-O3'
CYGPATH_W='echo'
DEFS='-DHAVE_CONFIG_H'
DEPDIR='.deps'
DEVIL_LTVERSION='2:0:1'
DLLTOOL='false'
DSYMUTIL=''
DUMPBIN=''
ECHO_C=''
ECHO_N='-n'
ECHO_T=''
EGREP='/bin/grep -E'
EXEEXT=''
FGREP='/bin/grep -F'
GENERAL_CFLAGS=' -msse -msse2 -msse3'
GLUT_CFLAGS=''
GLUT_LIBS=''
GLU_CFLAGS=''
GLU_LIBS=''
GL_CFLAGS=''
GL_LIBS=''
GREP='/bin/grep'
HAVE_GLUT_FALSE=''
HAVE_GLUT_TRUE='#'
ILUT_CFLAGS=''
ILUT_LIBS=''
ILU_CFLAGS=''
ILU_LIBS=''
IL_CFLAGS=' '
IL_LIBS='-ltiff -lpng12 -llcms -ljasper -ljpeg  '
INSTALL_DATA='${INSTALL} -m 644'
INSTALL_PROGRAM='${INSTALL}'
INSTALL_SCRIPT='${INSTALL}'
INSTALL_STRIP_PROGRAM='$(install_sh) -c -s'
LD='/usr/bin/ld -m elf_x86_64'
LDFLAGS=''
LIBILUT_WIN32LIBPATH=''
LIBOBJS=''
LIBS='-lm -lz '
LIBTOOL='$(SHELL) $(top_builddir)/libtool'
LIPO=''
LN_S='ln -s'
LTLIBOBJS=''
MAKEINFO='${SHELL} /home/cc/cs184/fa13/class/cs184-ac/Documents/ga-3/devil-1.7.8/build-aux/missing --run makeinfo'
MANIFEST_TOOL=':'
MKDIR_P='/bin/mkdir -p'
NM='/usr/bin/nm -B'
NMEDIT=''
OBJDUMP='objdump'
OBJEXT='o'
OPENEXR_CFLAGS=''
OPENEXR_LIBS=''
OTOOL64=''
OTOOL=''
PACKAGE='devil'
PACKAGE_BUGREPORT='bubla@users.sourceforge.net'
PACKAGE_NAME='DevIL'
PACKAGE_STRING='DevIL 1.7.8'
PACKAGE_TARNAME='devil'
PACKAGE_URL=''
PACKAGE_VERSION='1.7.8'
PATH_SEPARATOR=':'
PKG_CONFIG='/usr/bin/pkg-config'
PLATFORM=''
PTHREAD_CC='gcc'
PTHREAD_CFLAGS='-pthread'
PTHREAD_LIBS=''
RANLIB='ranlib'
SDL_CFLAGS=''
SDL_CONFIG=''
SDL_LIBS=''
SED='/bin/sed'
SET_MAKE=''
SHELL='/usr/bin/ksh'
STRIP='strip'
SUPPORTED_FORMATS=' BLP BMP DCX DDS DICOM WAD FITS GIF HDR ICNS ICON IFF ILBM IWI JPG JP2 LCMS LIF MDL MP3 PCX PCD PIC PIX PNG PNM PSD PSP PXR RAW ROT SGI SUN TEXTURE TGA TIF TPL UTX VTF WAL WBMP WDP XPM'
USE_ALLEGRO_FALSE=''
USE_ALLEGRO_TRUE='#'
USE_DIRECTX8_FALSE=''
USE_DIRECTX8_TRUE='#'
USE_DIRECTX9_FALSE=''
USE_DIRECTX9_TRUE='#'
USE_DIRECTX_FALSE=''
USE_DIRECTX_TRUE='#'
USE_OPENGL_FALSE=''
USE_OPENGL_TRUE='#'
USE_SDL_FALSE=''
USE_SDL_TRUE='#'
USE_W32_FALSE=''
USE_W32_TRUE='#'
USE_X11_FALSE=''
USE_X11_TRUE='#'
VERSION='1.7.8'
WINDOWS_BUILD_FALSE=''
WINDOWS_BUILD_TRUE='#'
XMKMF=''
X_CFLAGS=''
X_EXTRA_LIBS=''
X_LIBS=''
X_PRE_LIBS=' -lSM -lICE'
ac_ct_AR='ar'
ac_ct_CC='gcc'
ac_ct_CXX='g++'
ac_ct_DUMPBIN=''
acx_pthread_config=''
allegro_CFLAGS=''
allegro_LIBS=''
am__EXEEXT_FALSE=''
am__EXEEXT_TRUE='#'
am__fastdepCC_FALSE='#'
am__fastdepCC_TRUE=''
am__fastdepCXX_FALSE='#'
am__fastdepCXX_TRUE=''
am__include='include'
am__isrc=''
am__leading_dot='.'
am__nodep='_no'
am__quote=''
am__tar='$${TAR-tar} chof - "$$tardir"'
am__untar='$${TAR-tar} xf -'
bindir='${exec_prefix}/bin'
build='x86_64-unknown-linux-gnu'
build_alias=''
build_cpu='x86_64'
build_os='linux-gnu'
build_vendor='unknown'
datadir='${datarootdir}'
datarootdir='${prefix}/share'
docdir='${datarootdir}/doc/${PACKAGE_TARNAME}'
dvidir='${docdir}'
exec_prefix='${prefix}'
host='x86_64-unknown-linux-gnu'
host_alias=''
host_cpu='x86_64'
host_os='linux-gnu'
host_vendor='unknown'
htmldir='${docdir}'
includedir='${prefix}/include'
infodir='${datarootdir}/info'
install_sh='${SHELL} /home/cc/cs184/fa13/class/cs184-ac/Documents/ga-3/devil-1.7.8/build-aux/install-sh'
libdir='${exec_prefix}/lib'
libexecdir='${exec_prefix}/libexec'
localedir='${datarootdir}/locale'
localstatedir='${prefix}/var'
mandir='${datarootdir}/man'
mkdir_p='/bin/mkdir -p'
oldincludedir='/usr/include'
pdfdir='${docdir}'
prefix='/usr/local'
program_transform_name='s,x,x,'
psdir='${docdir}'
sbindir='${exec_prefix}/sbin'
sharedstatedir='${prefix}/com'
sysconfdir='${prefix}/etc'
target_alias=''

## ----------- ##
## confdefs.h. ##
## ----------- ##

/* confdefs.h */
#define PACKAGE_NAME "DevIL"
#define PACKAGE_TARNAME "devil"
#define PACKAGE_VERSION "1.7.8"
#define PACKAGE_STRING "DevIL 1.7.8"
#define PACKAGE_BUGREPORT "bubla@users.sourceforge.net"
#define PACKAGE_URL ""
#define STDC_HEADERS 1
#define HAVE_SYS_TYPES_H 1
#define HAVE_SYS_STAT_H 1
#define HAVE_STDLIB_H 1
#define HAVE_STRING_H 1
#define HAVE_MEMORY_H 1
#define HAVE_STRINGS_H 1
#define HAVE_INTTYPES_H 1
#define HAVE_STDINT_H 1
#define HAVE_UNISTD_H 1
#define HAVE_DLFCN_H 1
#define LT_OBJDIR ".libs/"
#define PACKAGE "devil"
#define VERSION "1.7.8"
#define SSE /**/
#define VECTORMEM /**/
#define SSE2 /**/
#define VECTORMEM /**/
#define SSE3 /**/
#define VECTORMEM /**/
#define GCC_X86_64_ASM /**/
#define IL_INLINE_ASM 1
#define VALLOC 1
#define POSIX_MEMALIGN 1
#define MEMALIGN 1
#define MM_MALLOC 1
#define HAVE_LIBZ 1
#define HAVE_LIBM 1
#define IL_NO_EXR /**/
#define IL_USE_JPEGLIB_UNMODIFIED 1
#define LCMS_NODIRINCLUDE 1
#define IL_NO_MNG /**/
#define HAVE_PTHREAD 1

configure: exit 0

## ---------------------- ##
## Running config.status. ##
## ---------------------- ##

This file was extended by DevIL config.status 1.7.8, which was
generated by GNU Autoconf 2.68.  Invocation command line was

  CONFIG_FILES    = 
  CONFIG_HEADERS  = 
  CONFIG_LINKS    = 
  CONFIG_COMMANDS = 
  $ ./config.status 

on hive13.CS.Berkeley.EDU

config.status:1245: creating Makefile
config.status:1245: creating lib/Makefile
config.status:1245: creating bin/Makefile
config.status:1245: creating test/Makefile
config.status:1245: creating docs/Makefile
config.status:1245: creating data/Makefile
config.status:1245: creating data/IL.pc
config.status:1245: creating data/ILU.pc
config.status:1245: creating data/ILUT.pc
config.status:1245: creating test/format_test/format_checks.sh
config.status:1245: creating include/IL/config.h
config.status:1426: include/IL/config.h is unchanged
config.status:1474: executing libtool commands
config.status:1474: executing depfiles commands
